[debug] [2023-12-13T07:34:12.725Z] ----------------------------------------------------------------------
[debug] [2023-12-13T07:34:12.728Z] Command:       C:\Program Files\nodejs\node.exe C:\Users\mihye\AppData\Roaming\npm\node_modules\firebase-tools\lib\bin\firebase.js init
[debug] [2023-12-13T07:34:12.728Z] CLI Version:   13.0.1
[debug] [2023-12-13T07:34:12.728Z] Platform:      win32
[debug] [2023-12-13T07:34:12.728Z] Node Version:  v20.10.0
[debug] [2023-12-13T07:34:12.728Z] Time:          Wed Dec 13 2023 16:34:12 GMT+0900 (대한민국 표준시)
[debug] [2023-12-13T07:34:12.729Z] ----------------------------------------------------------------------
[debug] 
[debug] [2023-12-13T07:34:12.793Z] > command requires scopes: ["email","openid","https://www.googleapis.com/auth/cloudplatformprojects.readonly","https://www.googleapis.com/auth/firebase","https://www.googleapis.com/auth/cloud-platform"]
[debug] [2023-12-13T07:34:12.794Z] > authorizing via signed-in user (mangttu1@gmail.com)
[info] 
     ######## #### ########  ######## ########     ###     ######  ########
     ##        ##  ##     ## ##       ##     ##  ##   ##  ##       ##
     ######    ##  ########  ######   ########  #########  ######  ######
     ##        ##  ##    ##  ##       ##     ## ##     ##       ## ##
     ##       #### ##     ## ######## ########  ##     ##  ######  ########

You're about to initialize a Firebase project in this directory:

  C:\Users\mihye\OneDrive\바탕 화면\fastcampus\project\react-disney-plus-app

Before we get started, keep in mind:

  * You are initializing within an existing Firebase project directory

[info] 
=== Project Setup
[info] 
[info] First, let's associate this project directory with a Firebase project.
[info] You can create multiple project aliases by running firebase use --add, 
[info] but for now we'll just set up a default project.
[info] 
[debug] [2023-12-13T07:34:18.942Z] Using project from CLI flag: react-disney-plus-app-4bcc7
[debug] [2023-12-13T07:34:18.944Z] >>> [apiv2][query] GET https://firebase.googleapis.com/v1beta1/projects/react-disney-plus-app-4bcc7 [none]
[debug] [2023-12-13T07:34:19.380Z] <<< [apiv2][status] GET https://firebase.googleapis.com/v1beta1/projects/react-disney-plus-app-4bcc7 200
[debug] [2023-12-13T07:34:19.380Z] <<< [apiv2][body] GET https://firebase.googleapis.com/v1beta1/projects/react-disney-plus-app-4bcc7 {"projectId":"react-disney-plus-app-4bcc7","projectNumber":"931698685243","displayName":"react-disney-plus-app","name":"projects/react-disney-plus-app-4bcc7","resources":{"hostingSite":"react-disney-plus-app-4bcc7"},"state":"ACTIVE","etag":"1_c0f9af85-dbc4-4c1f-8fec-c331bb07d455"}
[info] i  Using project react-disney-plus-app-4bcc7 (react-disney-plus-app) 
[info] 
=== Hosting Setup
[debug] [2023-12-13T07:34:19.387Z] >>> [apiv2][query] GET https://firebase.googleapis.com/v1beta1/projects/react-disney-plus-app-4bcc7 [none]
[debug] [2023-12-13T07:34:19.653Z] <<< [apiv2][status] GET https://firebase.googleapis.com/v1beta1/projects/react-disney-plus-app-4bcc7 200
[debug] [2023-12-13T07:34:19.654Z] <<< [apiv2][body] GET https://firebase.googleapis.com/v1beta1/projects/react-disney-plus-app-4bcc7 {"projectId":"react-disney-plus-app-4bcc7","projectNumber":"931698685243","displayName":"react-disney-plus-app","name":"projects/react-disney-plus-app-4bcc7","resources":{"hostingSite":"react-disney-plus-app-4bcc7"},"state":"ACTIVE","etag":"1_c0f9af85-dbc4-4c1f-8fec-c331bb07d455"}
[info] 
[info] Your public directory is the folder (relative to your project directory) that
[info] will contain Hosting assets to be uploaded with firebase deploy. If you
[info] have a build process for your assets, use your build's output directory.
[info] 
[debug] [2023-12-13T07:34:29.068Z] ----------------------------------------------------------------------
[debug] [2023-12-13T07:34:29.071Z] Command:       C:\Program Files\nodejs\node.exe C:\Users\mihye\AppData\Roaming\npm\node_modules\firebase-tools\lib\bin\firebase.js init
[debug] [2023-12-13T07:34:29.071Z] CLI Version:   13.0.1
[debug] [2023-12-13T07:34:29.071Z] Platform:      win32
[debug] [2023-12-13T07:34:29.072Z] Node Version:  v20.10.0
[debug] [2023-12-13T07:34:29.072Z] Time:          Wed Dec 13 2023 16:34:29 GMT+0900 (대한민국 표준시)
[debug] [2023-12-13T07:34:29.072Z] ----------------------------------------------------------------------
[debug] 
[debug] [2023-12-13T07:34:29.144Z] > command requires scopes: ["email","openid","https://www.googleapis.com/auth/cloudplatformprojects.readonly","https://www.googleapis.com/auth/firebase","https://www.googleapis.com/auth/cloud-platform"]
[debug] [2023-12-13T07:34:29.144Z] > authorizing via signed-in user (mangttu1@gmail.com)
[info] 
     ######## #### ########  ######## ########     ###     ######  ########
     ##        ##  ##     ## ##       ##     ##  ##   ##  ##       ##
     ######    ##  ########  ######   ########  #########  ######  ######
     ##        ##  ##    ##  ##       ##     ## ##     ##       ## ##
     ##       #### ##     ## ######## ########  ##     ##  ######  ########

You're about to initialize a Firebase project in this directory:

  C:\Users\mihye\OneDrive\바탕 화면\fastcampus\project\react-disney-plus-app

Before we get started, keep in mind:

  * You are initializing within an existing Firebase project directory

[info] 
=== Project Setup
[info] 
[info] First, let's associate this project directory with a Firebase project.
[info] You can create multiple project aliases by running firebase use --add, 
[info] but for now we'll just set up a default project.
[info] 
[debug] [2023-12-13T07:35:47.405Z] Using project from CLI flag: react-disney-plus-app-4bcc7
[debug] [2023-12-13T07:35:47.407Z] >>> [apiv2][query] GET https://firebase.googleapis.com/v1beta1/projects/react-disney-plus-app-4bcc7 [none]
[debug] [2023-12-13T07:35:47.847Z] <<< [apiv2][status] GET https://firebase.googleapis.com/v1beta1/projects/react-disney-plus-app-4bcc7 200
[debug] [2023-12-13T07:35:47.847Z] <<< [apiv2][body] GET https://firebase.googleapis.com/v1beta1/projects/react-disney-plus-app-4bcc7 {"projectId":"react-disney-plus-app-4bcc7","projectNumber":"931698685243","displayName":"react-disney-plus-app","name":"projects/react-disney-plus-app-4bcc7","resources":{"hostingSite":"react-disney-plus-app-4bcc7"},"state":"ACTIVE","etag":"1_c0f9af85-dbc4-4c1f-8fec-c331bb07d455"}
[info] i  Using project react-disney-plus-app-4bcc7 (react-disney-plus-app) 
[info] 
=== Hosting Setup
[debug] [2023-12-13T07:35:47.857Z] >>> [apiv2][query] GET https://firebase.googleapis.com/v1beta1/projects/react-disney-plus-app-4bcc7 [none]
[debug] [2023-12-13T07:35:48.149Z] <<< [apiv2][status] GET https://firebase.googleapis.com/v1beta1/projects/react-disney-plus-app-4bcc7 200
[debug] [2023-12-13T07:35:48.149Z] <<< [apiv2][body] GET https://firebase.googleapis.com/v1beta1/projects/react-disney-plus-app-4bcc7 {"projectId":"react-disney-plus-app-4bcc7","projectNumber":"931698685243","displayName":"react-disney-plus-app","name":"projects/react-disney-plus-app-4bcc7","resources":{"hostingSite":"react-disney-plus-app-4bcc7"},"state":"ACTIVE","etag":"1_c0f9af85-dbc4-4c1f-8fec-c331bb07d455"}
[info] 
[info] Your public directory is the folder (relative to your project directory) that
[info] will contain Hosting assets to be uploaded with firebase deploy. If you
[info] have a build process for your assets, use your build's output directory.
[info] 
[info] +  Wrote build/404.html 
[debug] [2023-12-13T07:35:55.890Z] >>> [apiv2][query] GET https://www.gstatic.com/firebasejs/releases.json [none]
[debug] [2023-12-13T07:35:56.032Z] <<< [apiv2][status] GET https://www.gstatic.com/firebasejs/releases.json 200
[debug] [2023-12-13T07:35:56.032Z] <<< [apiv2][body] GET https://www.gstatic.com/firebasejs/releases.json {"current":{"version":"10.7.1","browserURL":"https://www.gstatic.com/firebasejs/10.7.1/firebase.js","packageURL":"https://www.gstatic.com/firebasejs/10.7.1/firebase.tgz"},"live":{"version":"10.7","browserURL":"https://www.gstatic.com/firebasejs/live/10.7/firebase.js","packageURL":"https://www.gstatic.com/firebasejs/live/10.7/firebase.tgz"},"components":{"analytics":"https://www.gstatic.com/firebasejs/10.7.1/firebase-analytics.js","app":"https://www.gstatic.com/firebasejs/10.7.1/firebase-app.js","app-check":"https://www.gstatic.com/firebasejs/10.7.1/firebase-app-check.js","auth":"https://www.gstatic.com/firebasejs/10.7.1/firebase-auth.js","auth/cordova":"https://www.gstatic.com/firebasejs/10.7.1/firebase-auth/cordova.js","functions":"https://www.gstatic.com/firebasejs/10.7.1/firebase-functions.js","firestore":"https://www.gstatic.com/firebasejs/10.7.1/firebase-firestore.js","firestore/lite":"https://www.gstatic.com/firebasejs/10.7.1/firebase-firestore/lite.js","installations":"https://www.gstatic.com/firebasejs/10.7.1/firebase-installations.js","storage":"https://www.gstatic.com/firebasejs/10.7.1/firebase-storage.js","performance":"https://www.gstatic.com/firebasejs/10.7.1/firebase-performance.js","remote-config":"https://www.gstatic.com/firebasejs/10.7.1/firebase-remote-config.js","messaging":"https://www.gstatic.com/firebasejs/10.7.1/firebase-messaging.js","messaging/sw":"https://www.gstatic.com/firebasejs/10.7.1/firebase-messaging/sw.js","database":"https://www.gstatic.com/firebasejs/10.7.1/firebase-database.js","firestore.memory":"https://www.gstatic.com/firebasejs/10.7.1/firebase-firestore.memory.js"}}
